<?xml version="1.0" encoding="UTF-8"?>
<testng-results ignored="0" total="1" passed="1" failed="0" skipped="0">
  <reporter-output>
  </reporter-output>
  <suite started-at="2022-09-22T11:27:43 IST" name="Default suite" finished-at="2022-09-22T11:27:55 IST" duration-ms="12044">
    <groups>
    </groups>
    <test started-at="2022-09-22T11:27:43 IST" name="Default test" finished-at="2022-09-22T11:27:55 IST" duration-ms="12044">
      <class name="clipboardHealthTest.ProductDetailPageTest">
        <test-method is-config="true" signature="setUpTest()[pri:0, instance:clipboardHealthTest.ProductDetailPageTest@59505b48]" started-at="2022-09-22T11:27:43 IST" name="setUpTest" finished-at="2022-09-22T11:27:48 IST" duration-ms="5465" status="PASS">
          <reporter-output>
          </reporter-output>
        </test-method> <!-- setUpTest -->
        <test-method signature="SelectProdutFromList()[pri:0, instance:clipboardHealthTest.ProductDetailPageTest@59505b48]" started-at="2022-09-22T11:27:48 IST" name="SelectProdutFromList" finished-at="2022-09-22T11:27:53 IST" duration-ms="5225" status="PASS">
          <reporter-output>
          </reporter-output>
        </test-method> <!-- SelectProdutFromList -->
        <test-method is-config="true" signature="teardown()[pri:0, instance:clipboardHealthTest.ProductDetailPageTest@59505b48]" started-at="2022-09-22T11:27:53 IST" name="teardown" finished-at="2022-09-22T11:27:55 IST" duration-ms="1283" status="PASS">
          <reporter-output>
          </reporter-output>
        </test-method> <!-- teardown -->
      </class> <!-- clipboardHealthTest.ProductDetailPageTest -->
    </test> <!-- Default test -->
  </suite> <!-- Default suite -->
</testng-results>
